<?xml version="1.0" encoding="UTF-8"?>
<!-- Generated by org.testng.reporters.JUnitXMLReporter -->
<testsuite ignored="0" hostname="DESKTOP-J8D17KJ" failures="0" tests="3" name="LumaTest" time="51.36" errors="0" timestamp="2025-07-08T10:32:58 IST">
  <testcase classname="parallelTesting.LumaApp" name="loginFunctionality" time="6.762"/>
  <testcase classname="parallelTesting.LumaApp" name="LogoutFunctionality" time="2.996"/>
  <testcase classname="parallelTesting.LumaApp" name="reloginFunctionality" time="4.13"/>
</testsuite> <!-- LumaTest -->
