<?xml version="1.0" encoding="UTF-8"?>
<!-- Generated by org.testng.reporters.JUnitXMLReporter -->
<testsuite ignored="0" hostname="DESKTOP-J8D17KJ" failures="0" tests="6" name="Test" time="18.227" errors="0" timestamp="2025-07-07T10:31:29 IST">
  <testcase classname="Grouping.Grouping_01" name="OpenApplication" time="8.589"/>
  <testcase classname="Grouping.Grouping_01" name="loginFunctionality" time="1.655"/>
  <testcase classname="Grouping.Grouping_01" name="searchHotel" time="4.276"/>
  <testcase classname="Grouping.Grouping_01" name="selectHotel" time="2.041"/>
  <testcase classname="Grouping.Grouping_01" name="BookAHotel" time="1.213"/>
  <testcase classname="Grouping.Grouping_01" name="CloseApplication" time="0.299"/>
</testsuite> <!-- Test -->
