<?xml version="1.0" encoding="UTF-8"?>
<testng-results ignored="0" total="5" passed="5" failed="0" skipped="0">
  <reporter-output>
  </reporter-output>
  <suite started-at="2025-07-08T10:32:06 IST" name="Suite" finished-at="2025-07-08T10:32:58 IST" duration-ms="51360">
    <groups>
    </groups>
    <test started-at="2025-07-08T10:32:06 IST" name="AdactinTest" finished-at="2025-07-08T10:32:40 IST" duration-ms="34084">
      <class name="parallelTesting.Adactin_Parall">
        <test-method is-config="true" signature="openApplication(java.lang.String,java.lang.String)[pri:0, instance:parallelTesting.Adactin_Parall@72cc7e6f]" started-at="2025-07-08T10:32:06 IST" name="openApplication" finished-at="2025-07-08T10:32:31 IST" duration-ms="24570" status="PASS">
          <params>
            <param index="0">
              <value>
                <![CDATA[Chrome]]>
              </value>
            </param>
            <param index="1">
              <value>
                <![CDATA[https://adactinhotelapp.com/]]>
              </value>
            </param>
          </params>
          <reporter-output>
          </reporter-output>
        </test-method> <!-- openApplication -->
        <test-method signature="LoginFunctionality()[pri:1, instance:parallelTesting.Adactin_Parall@72cc7e6f]" started-at="2025-07-08T10:32:31 IST" name="LoginFunctionality" finished-at="2025-07-08T10:32:35 IST" duration-ms="3574" status="PASS">
          <reporter-output>
          </reporter-output>
        </test-method> <!-- LoginFunctionality -->
        <test-method signature="searchHotel()[pri:2, instance:parallelTesting.Adactin_Parall@72cc7e6f]" started-at="2025-07-08T10:32:35 IST" name="searchHotel" finished-at="2025-07-08T10:32:40 IST" duration-ms="5396" status="PASS">
          <reporter-output>
          </reporter-output>
        </test-method> <!-- searchHotel -->
        <test-method is-config="true" signature="closeApplication()[pri:0, instance:parallelTesting.Adactin_Parall@72cc7e6f]" started-at="2025-07-08T10:32:40 IST" name="closeApplication" finished-at="2025-07-08T10:32:40 IST" duration-ms="388" status="PASS">
          <reporter-output>
          </reporter-output>
        </test-method> <!-- closeApplication -->
      </class> <!-- parallelTesting.Adactin_Parall -->
    </test> <!-- AdactinTest -->
    <test started-at="2025-07-08T10:32:06 IST" name="LumaTest" finished-at="2025-07-08T10:32:58 IST" duration-ms="51360">
      <class name="parallelTesting.LumaApp">
        <test-method is-config="true" signature="openApplication(java.lang.String,java.lang.String)[pri:0, instance:parallelTesting.LumaApp@312aa7c]" started-at="2025-07-08T10:32:06 IST" name="openApplication" finished-at="2025-07-08T10:32:43 IST" duration-ms="37121" status="PASS">
          <params>
            <param index="0">
              <value>
                <![CDATA[Edge]]>
              </value>
            </param>
            <param index="1">
              <value>
                <![CDATA[https://magento.softwaretestingboard.com/]]>
              </value>
            </param>
          </params>
          <reporter-output>
          </reporter-output>
        </test-method> <!-- openApplication -->
        <test-method signature="loginFunctionality()[pri:1, instance:parallelTesting.LumaApp@312aa7c]" started-at="2025-07-08T10:32:43 IST" name="loginFunctionality" finished-at="2025-07-08T10:32:50 IST" duration-ms="6762" status="PASS">
          <reporter-output>
          </reporter-output>
        </test-method> <!-- loginFunctionality -->
        <test-method signature="LogoutFunctionality()[pri:2, instance:parallelTesting.LumaApp@312aa7c]" started-at="2025-07-08T10:32:50 IST" name="LogoutFunctionality" finished-at="2025-07-08T10:32:53 IST" duration-ms="2996" status="PASS">
          <reporter-output>
          </reporter-output>
        </test-method> <!-- LogoutFunctionality -->
        <test-method signature="reloginFunctionality()[pri:3, instance:parallelTesting.LumaApp@312aa7c]" started-at="2025-07-08T10:32:53 IST" name="reloginFunctionality" finished-at="2025-07-08T10:32:57 IST" duration-ms="4130" status="PASS">
          <reporter-output>
          </reporter-output>
        </test-method> <!-- reloginFunctionality -->
        <test-method is-config="true" signature="closeApplication()[pri:0, instance:parallelTesting.LumaApp@312aa7c]" started-at="2025-07-08T10:32:57 IST" name="closeApplication" finished-at="2025-07-08T10:32:58 IST" duration-ms="303" status="PASS">
          <reporter-output>
          </reporter-output>
        </test-method> <!-- closeApplication -->
      </class> <!-- parallelTesting.LumaApp -->
    </test> <!-- LumaTest -->
  </suite> <!-- Suite -->
</testng-results>
