<?xml version="1.0" encoding="UTF-8"?>
<!-- Generated by org.testng.reporters.JUnitReportReporter -->
<testsuite hostname="DESKTOP-J8D17KJ" failures="0" tests="3" name="Parameterization.Parameterization01" time="8.080" errors="0" timestamp="2025-06-30T09:49:31 IST" skipped="0">
  <testcase classname="Parameterization.Parameterization01" name="loginFunctionality" time="0.510"/>
  <testcase classname="Parameterization.Parameterization01" name="searchHotel" time="6.481"/>
  <testcase classname="Parameterization.Parameterization01" name="selectHotel" time="1.089"/>
</testsuite> <!-- Parameterization.Parameterization01 -->
