<?xml version="1.0" encoding="UTF-8"?>
<!-- Generated by org.testng.reporters.JUnitReportReporter -->
<testsuite hostname="DESKTOP-J8D17KJ" failures="0" tests="3" name="Annotations.AnnotationsExamp02" time="0.029" errors="0" timestamp="2025-06-25T08:08:59 IST" skipped="0">
  <testcase classname="Annotations.AnnotationsExamp02" name="Login" time="0.008"/>
  <testcase classname="Annotations.AnnotationsExamp02" name="Select" time="0.014"/>
  <testcase classname="Annotations.AnnotationsExamp02" name="SearchF" time="0.007"/>
</testsuite> <!-- Annotations.AnnotationsExamp02 -->
