<?xml version="1.0" encoding="UTF-8"?>
<!-- Generated by org.testng.reporters.JUnitReportReporter -->
<testsuite hostname="DESKTOP-J8D17KJ" failures="0" tests="3" name="parallelTesting.LumaApp" time="13.888" errors="0" timestamp="2025-07-08T10:32:58 IST" skipped="0">
  <testcase classname="parallelTesting.LumaApp" name="loginFunctionality" time="6.762"/>
  <testcase classname="parallelTesting.LumaApp" name="LogoutFunctionality" time="2.996"/>
  <testcase classname="parallelTesting.LumaApp" name="reloginFunctionality" time="4.130"/>
</testsuite> <!-- parallelTesting.LumaApp -->
