<?xml version="1.0" encoding="UTF-8"?>
<!-- Generated by org.testng.reporters.JUnitReportReporter -->
<testsuite hostname="DESKTOP-J8D17KJ" failures="0" tests="4" name="Invocations.InvocationExamp01" time="-1751255296.000" errors="1" timestamp="2025-06-30T09:19:36 IST" skipped="3">
  <testcase classname="Invocations.InvocationExamp01" name="loginFunctionality" time="0.001">
    <skipped/>
  </testcase> <!-- loginFunctionality -->
  <testcase classname="Invocations.InvocationExamp01" name="loginFunctionality" time="0.000">
    <skipped/>
  </testcase> <!-- loginFunctionality -->
  <testcase classname="Invocations.InvocationExamp01" name="loginFunctionality" time="0.001">
    <skipped/>
  </testcase> <!-- loginFunctionality -->
  <testcase classname="Invocations.InvocationExamp01" name="OpenApplication" time="-1751255296.000">
    <error message="
Parameter &#039;browser&#039; is required by BeforeSuite on method OpenApplication but has not been marked @Optional or defined
in C:\Users\admin\AppData\Local\Temp\testng-eclipse--546352732\testng-customsuite.xml" type="org.testng.TestNGException">
      <![CDATA[org.testng.TestNGException: 
Parameter 'browser' is required by BeforeSuite on method OpenApplication but has not been marked @Optional or defined
in C:\Users\admin\AppData\Local\Temp\testng-eclipse--546352732\testng-customsuite.xml
at org.testng.internal.Parameters.createParams(Parameters.java:264)
at org.testng.internal.Parameters.createParametersForMethod(Parameters.java:352)
at org.testng.internal.Parameters.createParameters(Parameters.java:690)
at org.testng.internal.Parameters.createConfigurationParameters(Parameters.java:163)
at org.testng.internal.invokers.ConfigInvoker.invokeConfigurations(ConfigInvoker.java:313)
at org.testng.SuiteRunner.privateRun(SuiteRunner.java:358)
at org.testng.SuiteRunner.run(SuiteRunner.java:312)
at org.testng.SuiteRunnerWorker.runSuite(SuiteRunnerWorker.java:52)
at org.testng.SuiteRunnerWorker.run(SuiteRunnerWorker.java:95)
at org.testng.TestNG.runSuitesSequentially(TestNG.java:1274)
at org.testng.TestNG.runSuitesLocally(TestNG.java:1208)
at org.testng.TestNG.runSuites(TestNG.java:1112)
at org.testng.TestNG.run(TestNG.java:1079)
at org.testng.remote.AbstractRemoteTestNG.run(AbstractRemoteTestNG.java:115)
at org.testng.remote.RemoteTestNG.initAndRun(RemoteTestNG.java:293)
at org.testng.remote.RemoteTestNG.main(RemoteTestNG.java:91)
]]>
    </error>
  </testcase> <!-- OpenApplication -->
</testsuite> <!-- Invocations.InvocationExamp01 -->
