<?xml version="1.0" encoding="UTF-8"?>
<!-- Generated by org.testng.reporters.JUnitReportReporter -->
<testsuite hostname="DESKTOP-J8D17KJ" failures="0" tests="3" name="DependsOnMethod.DependendensonmethodExmp01" time="6.551" errors="0" timestamp="2025-06-25T08:20:10 IST" skipped="0">
  <testcase classname="DependsOnMethod.DependendensonmethodExmp01" name="loginFunctionality" time="1.513"/>
  <testcase classname="DependsOnMethod.DependendensonmethodExmp01" name="selectHotel" time="0.946"/>
  <testcase classname="DependsOnMethod.DependendensonmethodExmp01" name="searchHotel" time="4.092"/>
</testsuite> <!-- DependsOnMethod.DependendensonmethodExmp01 -->
