<?xml version="1.0" encoding="UTF-8"?>
<!-- Generated by org.testng.reporters.JUnitReportReporter -->
<testsuite hostname="DESKTOP-J8D17KJ" failures="0" tests="5" name="DataProvider.DataProvider01" time="3.983" errors="0" timestamp="2025-07-01T09:17:12 IST" skipped="0">
  <testcase classname="DataProvider.DataProvider01" name="loginFunctionality" time="0.259"/>
  <testcase classname="DataProvider.DataProvider01" name="loginFunctionality" time="0.820"/>
  <testcase classname="DataProvider.DataProvider01" name="loginFunctionality" time="0.720"/>
  <testcase classname="DataProvider.DataProvider01" name="loginFunctionality" time="0.256"/>
  <testcase classname="DataProvider.DataProvider01" name="loginFunctionality" time="1.928"/>
</testsuite> <!-- DataProvider.DataProvider01 -->
