<?xml version="1.0" encoding="UTF-8"?>
<!-- Generated by org.testng.reporters.JUnitReportReporter -->
<testsuite hostname="DESKTOP-J8D17KJ" failures="0" tests="3" name="Invocations.InvocationsCount" time="5.732" errors="0" timestamp="2025-06-30T10:00:17 IST" skipped="0">
  <testcase classname="Invocations.InvocationsCount" name="loginFunctionality" time="1.837"/>
  <testcase classname="Invocations.InvocationsCount" name="loginFunctionality" time="1.819"/>
  <testcase classname="Invocations.InvocationsCount" name="loginFunctionality" time="2.076"/>
</testsuite> <!-- Invocations.InvocationsCount -->
