<?xml version="1.0" encoding="UTF-8"?>
<!-- Generated by org.testng.reporters.JUnitReportReporter -->
<testsuite hostname="DESKTOP-J8D17KJ" failures="0" tests="3" name="Prioritization.PrioritizationExamp01" time="6.154" errors="0" timestamp="2025-06-25T08:13:43 IST" skipped="0">
  <testcase classname="Prioritization.PrioritizationExamp01" name="Registration" time="1.683"/>
  <testcase classname="Prioritization.PrioritizationExamp01" name="loginFunctionality" time="1.335"/>
  <testcase classname="Prioritization.PrioritizationExamp01" name="searchHotel" time="3.136"/>
</testsuite> <!-- Prioritization.PrioritizationExamp01 -->
