<?xml version="1.0" encoding="UTF-8"?>
<!-- Generated by org.testng.reporters.JUnitReportReporter -->
<testsuite hostname="DESKTOP-J8D17KJ" failures="0" tests="2" name="parallelTesting.Adactin_Parall" time="8.970" errors="0" timestamp="2025-07-08T10:32:58 IST" skipped="0">
  <testcase classname="parallelTesting.Adactin_Parall" name="LoginFunctionality" time="3.574"/>
  <testcase classname="parallelTesting.Adactin_Parall" name="searchHotel" time="5.396"/>
</testsuite> <!-- parallelTesting.Adactin_Parall -->
